<?xml version="1.0" encoding="UTF-8"?>
<!-- Generated by org.testng.reporters.JUnitReportReporter -->
<testsuite hostname="Ayushdhardwivedi" failures="0" tests="1" name="Swiggy.RestaurantsTest" time="3.039" errors="0" timestamp="2025-05-16T21:51:18 IST" skipped="0">
  <testcase classname="Swiggy.RestaurantsTest" name="testGetRestaurants" time="3.039"/>
</testsuite> <!-- Swiggy.RestaurantsTest -->
