<?xml version="1.0" encoding="UTF-8"?>
<!-- Generated by org.testng.reporters.JUnitReportReporter -->
<testsuite hostname="Ayushdhardwivedi" failures="0" tests="2" name="Swiggy.CheckoutTest" time="3.021" errors="0" timestamp="2025-05-16T21:51:18 IST" skipped="0">
  <testcase classname="Swiggy.CheckoutTest" name="testGetOrders" time="0.344"/>
  <testcase classname="Swiggy.CheckoutTest" name="testPlaceOrder" time="2.677"/>
</testsuite> <!-- Swiggy.CheckoutTest -->
