<?xml version="1.0" encoding="UTF-8"?>
<!-- Generated by org.testng.reporters.JUnitReportReporter -->
<testsuite hostname="Ayushdhardwivedi" failures="0" tests="2" name="Swiggy.CartTest" time="3.020" errors="0" timestamp="2025-05-16T21:51:18 IST" skipped="0">
  <testcase classname="Swiggy.CartTest" name="testAddItemToCart" time="2.677"/>
  <testcase classname="Swiggy.CartTest" name="testGetCartItems" time="0.343"/>
</testsuite> <!-- Swiggy.CartTest -->
