<?xml version="1.0" encoding="UTF-8"?>
<!-- Generated by org.testng.reporters.JUnitReportReporter -->
<testsuite hostname="Ayushdhardwivedi" failures="0" tests="2" name="Swiggy.LoginTest" time="3.106" errors="0" timestamp="2025-05-16T21:51:18 IST" skipped="0">
  <testcase classname="Swiggy.LoginTest" name="InValidtestUserLogin" time="3.041"/>
  <testcase classname="Swiggy.LoginTest" name="ValidtestUserLogin" time="0.065"/>
</testsuite> <!-- Swiggy.LoginTest -->
