<?xml version="1.0" encoding="UTF-8"?>
<!-- Generated by org.testng.reporters.JUnitReportReporter -->
<testsuite hostname="Ayushdhardwivedi" failures="0" tests="1" name="Swiggy.OrderSuccessTest" time="4.179" errors="0" timestamp="2025-05-16T21:51:18 IST" skipped="0">
  <testcase classname="Swiggy.OrderSuccessTest" name="testCheckoutSuccessMessage" time="4.179"/>
</testsuite> <!-- Swiggy.OrderSuccessTest -->
