<?xml version="1.0" encoding="UTF-8"?>
<!-- Generated by org.testng.reporters.JUnitReportReporter -->
<testsuite hostname="Ayushdhardwivedi" failures="0" tests="2" name="Swiggy.MenuTests" time="4.181" errors="0" timestamp="2025-05-16T21:51:18 IST" skipped="0">
  <testcase classname="Swiggy.MenuTests" name="NottestGetMenuByRestaurant" time="2.556"/>
  <testcase classname="Swiggy.MenuTests" name="testGetMenuByRestaurant" time="1.625"/>
</testsuite> <!-- Swiggy.MenuTests -->
