<?xml version="1.0" encoding="UTF-8"?>
<!-- Generated by org.testng.reporters.JUnitReportReporter -->
<testsuite hostname="Ayushdhardwivedi" failures="0" tests="1" name="Swiggy.Home" time="1.710" errors="0" timestamp="2025-05-16T21:01:31 IST" skipped="0">
  <testcase classname="Swiggy.Home" name="testInstamartHomeAPI" time="1.710"/>
</testsuite> <!-- Swiggy.Home -->
